c:\users\public\libuv-study\code\libuv_http\libuv_http\x64\release\vc141.pdb
c:\users\public\libuv-study\code\libuv_http\libuv_http\x64\release\uv_http_util.obj
c:\users\public\libuv-study\code\libuv_http\libuv_http\x64\release\uv_http_server_manager.obj
c:\users\public\libuv-study\code\libuv_http\libuv_http\x64\release\uv_http_callback.obj
c:\users\public\libuv-study\code\libuv_http\libuv_http\x64\release\uv_http_server.obj
c:\users\public\libuv-study\code\libuv_http\libuv_http\x64\release\uv_http_client_manager.obj
c:\users\public\libuv-study\code\libuv_http\libuv_http\x64\release\membuf.obj
c:\users\public\libuv-study\code\libuv_http\libuv_http\x64\release\main.obj
c:\users\public\libuv-study\code\libuv_http\libuv_http\x64\release\uv_http_client_session_manager.obj
c:\users\public\libuv-study\code\libuv_http\x64\release\libuv_http.ipdb
c:\users\public\libuv-study\code\libuv_http\x64\release\libuv_http.iobj
c:\users\public\libuv-study\code\libuv_http\x64\release\libuv_http.exe
c:\users\public\libuv-study\code\libuv_http\x64\release\libuv_http.pdb
c:\users\public\libuv-study\code\libuv_http\libuv_http\x64\release\libuv_http.tlog\cl.command.1.tlog
c:\users\public\libuv-study\code\libuv_http\libuv_http\x64\release\libuv_http.tlog\cl.read.1.tlog
c:\users\public\libuv-study\code\libuv_http\libuv_http\x64\release\libuv_http.tlog\cl.write.1.tlog
c:\users\public\libuv-study\code\libuv_http\libuv_http\x64\release\libuv_http.tlog\libuv_http.write.1u.tlog
c:\users\public\libuv-study\code\libuv_http\libuv_http\x64\release\libuv_http.tlog\link.command.1.tlog
c:\users\public\libuv-study\code\libuv_http\libuv_http\x64\release\libuv_http.tlog\link.read.1.tlog
c:\users\public\libuv-study\code\libuv_http\libuv_http\x64\release\libuv_http.tlog\link.write.1.tlog
