  cmd.cc
  main.cc
  url_cmd_manager.cc
  uv_http_callback.cc
c:\users\public\libuv-study\code\libuv_http\src\uv_http_callback.cc(19): warning C4267: “参数”: 从“size_t”转换到“unsigned int”，可能丢失数据
c:\users\public\libuv-study\code\libuv_http\src\uv_http_callback.cc(26): warning C4477: “printf”: 格式字符串“%d”需要类型“int”的参数，但可变参数 1 拥有了类型“ssize_t”
  c:\users\public\libuv-study\code\libuv_http\src\uv_http_callback.cc(26): note: 请考虑在格式字符串中使用“%Id”
c:\users\public\libuv-study\code\libuv_http\src\uv_http_callback.cc(35): warning C4244: “参数”: 从“ssize_t”转换到“unsigned int”，可能丢失数据
  uv_http_client_session_manager.cc
  uv_http_server.cc
  uv_http_server_manager.cc
  uv_http_util.cc
c:\users\public\libuv-study\code\libuv_http\src\uv_http_util.cc(19): warning C4996: '_snprintf': This function or variable may be unsafe. Consider using _snprintf_s instead. To disable deprecation, use _CRT_SECURE_NO_WARNINGS. See online help for details.
  c:\program files (x86)\windows kits\10\include\10.0.17763.0\ucrt\stdio.h(1961): note: 参见“_snprintf”的声明
c:\users\public\libuv-study\code\libuv_http\src\uv_http_util.cc(41): warning C4996: '_snprintf': This function or variable may be unsafe. Consider using _snprintf_s instead. To disable deprecation, use _CRT_SECURE_NO_WARNINGS. See online help for details.
  c:\program files (x86)\windows kits\10\include\10.0.17763.0\ucrt\stdio.h(1961): note: 参见“_snprintf”的声明
c:\users\public\libuv-study\code\libuv_http\src\uv_http_util.cc(71): warning C4996: '_snprintf': This function or variable may be unsafe. Consider using _snprintf_s instead. To disable deprecation, use _CRT_SECURE_NO_WARNINGS. See online help for details.
  c:\program files (x86)\windows kits\10\include\10.0.17763.0\ucrt\stdio.h(1961): note: 参见“_snprintf”的声明
c:\users\public\libuv-study\code\libuv_http\src\uv_http_util.cc(104): warning C4267: “=”: 从“size_t”转换到“unsigned int”，可能丢失数据
c:\users\public\libuv-study\code\libuv_http\src\uv_http_util.cc(135): warning C4267: “=”: 从“size_t”转换到“int”，可能丢失数据
c:\users\public\libuv-study\code\libuv_http\src\uv_http_util.cc(129): warning C4996: 'fopen': This function or variable may be unsafe. Consider using fopen_s instead. To disable deprecation, use _CRT_SECURE_NO_WARNINGS. See online help for details.
  c:\program files (x86)\windows kits\10\include\10.0.17763.0\ucrt\stdio.h(208): note: 参见“fopen”的声明
c:\users\public\libuv-study\code\libuv_http\src\uv_http_util.cc(161): warning C4267: “=”: 从“size_t”转换到“int”，可能丢失数据
c:\users\public\libuv-study\code\libuv_http\src\uv_http_util.cc(164): warning C4267: “=”: 从“size_t”转换到“int”，可能丢失数据
c:\users\public\libuv-study\code\libuv_http\src\uv_http_util.cc(167): warning C4996: 'sprintf': This function or variable may be unsafe. Consider using sprintf_s instead. To disable deprecation, use _CRT_SECURE_NO_WARNINGS. See online help for details.
  c:\program files (x86)\windows kits\10\include\10.0.17763.0\ucrt\stdio.h(1774): note: 参见“sprintf”的声明
c:\users\public\libuv-study\code\libuv_http\src\uv_http_util.cc(174): warning C4996: 'sprintf': This function or variable may be unsafe. Consider using sprintf_s instead. To disable deprecation, use _CRT_SECURE_NO_WARNINGS. See online help for details.
  c:\program files (x86)\windows kits\10\include\10.0.17763.0\ucrt\stdio.h(1774): note: 参见“sprintf”的声明
c:\users\public\libuv-study\code\libuv_http\src\uv_http_util.cc(269): warning C4477: “_snprintf”: 格式字符串“%s”需要类型“char *”的参数，但可变参数 1 拥有了类型“std::string”
c:\users\public\libuv-study\code\libuv_http\src\uv_http_util.cc(269): warning C4477: “_snprintf”: 格式字符串“%s”需要类型“char *”的参数，但可变参数 2 拥有了类型“std::string”
c:\users\public\libuv-study\code\libuv_http\src\uv_http_util.cc(267): warning C4996: '_snprintf': This function or variable may be unsafe. Consider using _snprintf_s instead. To disable deprecation, use _CRT_SECURE_NO_WARNINGS. See online help for details.
  c:\program files (x86)\windows kits\10\include\10.0.17763.0\ucrt\stdio.h(1961): note: 参见“_snprintf”的声明
c:\users\public\libuv-study\code\libuv_http\src\uv_http_util.cc(264): warning C4101: “respone”: 未引用的局部变量
LINK : warning LNK4098: 默认库“LIBCMT”与其他库的使用冲突；请使用 /NODEFAULTLIB:library
  正在生成代码
  3 of 857 functions ( 0.4%) were compiled, the rest were copied from previous compilation.
    0 functions were new in current compilation
    3 functions had inline decision re-evaluated but remain unchanged
  已完成代码的生成
libuv.lib(core.obj) : warning LNK4099: 未找到 PDB“vc80.pdb”(使用“libuv.lib(core.obj)”或在“C:\Users\Public\libuv-study\code\libuv_http\x64\Release\vc80.pdb”中寻找)；正在链接对象，如同没有调试信息一样
libuv.lib(uv-common.obj) : warning LNK4099: 未找到 PDB“vc80.pdb”(使用“libuv.lib(uv-common.obj)”或在“C:\Users\Public\libuv-study\code\libuv_http\x64\Release\vc80.pdb”中寻找)；正在链接对象，如同没有调试信息一样
libuv.lib(tcp.obj) : warning LNK4099: 未找到 PDB“vc80.pdb”(使用“libuv.lib(tcp.obj)”或在“C:\Users\Public\libuv-study\code\libuv_http\x64\Release\vc80.pdb”中寻找)；正在链接对象，如同没有调试信息一样
libuv.lib(stream.obj) : warning LNK4099: 未找到 PDB“vc80.pdb”(使用“libuv.lib(stream.obj)”或在“C:\Users\Public\libuv-study\code\libuv_http\x64\Release\vc80.pdb”中寻找)；正在链接对象，如同没有调试信息一样
libuv.lib(handle.obj) : warning LNK4099: 未找到 PDB“vc80.pdb”(使用“libuv.lib(handle.obj)”或在“C:\Users\Public\libuv-study\code\libuv_http\x64\Release\vc80.pdb”中寻找)；正在链接对象，如同没有调试信息一样
libuv.lib(pipe.obj) : warning LNK4099: 未找到 PDB“vc80.pdb”(使用“libuv.lib(pipe.obj)”或在“C:\Users\Public\libuv-study\code\libuv_http\x64\Release\vc80.pdb”中寻找)；正在链接对象，如同没有调试信息一样
libuv.lib(fs.obj) : warning LNK4099: 未找到 PDB“vc80.pdb”(使用“libuv.lib(fs.obj)”或在“C:\Users\Public\libuv-study\code\libuv_http\x64\Release\vc80.pdb”中寻找)；正在链接对象，如同没有调试信息一样
libuv.lib(async.obj) : warning LNK4099: 未找到 PDB“vc80.pdb”(使用“libuv.lib(async.obj)”或在“C:\Users\Public\libuv-study\code\libuv_http\x64\Release\vc80.pdb”中寻找)；正在链接对象，如同没有调试信息一样
libuv.lib(signal.obj) : warning LNK4099: 未找到 PDB“vc80.pdb”(使用“libuv.lib(signal.obj)”或在“C:\Users\Public\libuv-study\code\libuv_http\x64\Release\vc80.pdb”中寻找)；正在链接对象，如同没有调试信息一样
libuv.lib(tty.obj) : warning LNK4099: 未找到 PDB“vc80.pdb”(使用“libuv.lib(tty.obj)”或在“C:\Users\Public\libuv-study\code\libuv_http\x64\Release\vc80.pdb”中寻找)；正在链接对象，如同没有调试信息一样
libuv.lib(poll.obj) : warning LNK4099: 未找到 PDB“vc80.pdb”(使用“libuv.lib(poll.obj)”或在“C:\Users\Public\libuv-study\code\libuv_http\x64\Release\vc80.pdb”中寻找)；正在链接对象，如同没有调试信息一样
libuv.lib(thread.obj) : warning LNK4099: 未找到 PDB“vc80.pdb”(使用“libuv.lib(thread.obj)”或在“C:\Users\Public\libuv-study\code\libuv_http\x64\Release\vc80.pdb”中寻找)；正在链接对象，如同没有调试信息一样
libuv.lib(udp.obj) : warning LNK4099: 未找到 PDB“vc80.pdb”(使用“libuv.lib(udp.obj)”或在“C:\Users\Public\libuv-study\code\libuv_http\x64\Release\vc80.pdb”中寻找)；正在链接对象，如同没有调试信息一样
libuv.lib(timer.obj) : warning LNK4099: 未找到 PDB“vc80.pdb”(使用“libuv.lib(timer.obj)”或在“C:\Users\Public\libuv-study\code\libuv_http\x64\Release\vc80.pdb”中寻找)；正在链接对象，如同没有调试信息一样
libuv.lib(fs-event.obj) : warning LNK4099: 未找到 PDB“vc80.pdb”(使用“libuv.lib(fs-event.obj)”或在“C:\Users\Public\libuv-study\code\libuv_http\x64\Release\vc80.pdb”中寻找)；正在链接对象，如同没有调试信息一样
libuv.lib(util.obj) : warning LNK4099: 未找到 PDB“vc80.pdb”(使用“libuv.lib(util.obj)”或在“C:\Users\Public\libuv-study\code\libuv_http\x64\Release\vc80.pdb”中寻找)；正在链接对象，如同没有调试信息一样
libuv.lib(threadpool.obj) : warning LNK4099: 未找到 PDB“vc80.pdb”(使用“libuv.lib(threadpool.obj)”或在“C:\Users\Public\libuv-study\code\libuv_http\x64\Release\vc80.pdb”中寻找)；正在链接对象，如同没有调试信息一样
libuv.lib(detect-wakeup.obj) : warning LNK4099: 未找到 PDB“vc80.pdb”(使用“libuv.lib(detect-wakeup.obj)”或在“C:\Users\Public\libuv-study\code\libuv_http\x64\Release\vc80.pdb”中寻找)；正在链接对象，如同没有调试信息一样
libuv.lib(winsock.obj) : warning LNK4099: 未找到 PDB“vc80.pdb”(使用“libuv.lib(winsock.obj)”或在“C:\Users\Public\libuv-study\code\libuv_http\x64\Release\vc80.pdb”中寻找)；正在链接对象，如同没有调试信息一样
libuv.lib(error.obj) : warning LNK4099: 未找到 PDB“vc80.pdb”(使用“libuv.lib(error.obj)”或在“C:\Users\Public\libuv-study\code\libuv_http\x64\Release\vc80.pdb”中寻找)；正在链接对象，如同没有调试信息一样
libuv.lib(loop-watcher.obj) : warning LNK4099: 未找到 PDB“vc80.pdb”(使用“libuv.lib(loop-watcher.obj)”或在“C:\Users\Public\libuv-study\code\libuv_http\x64\Release\vc80.pdb”中寻找)；正在链接对象，如同没有调试信息一样
libuv.lib(fs-poll.obj) : warning LNK4099: 未找到 PDB“vc80.pdb”(使用“libuv.lib(fs-poll.obj)”或在“C:\Users\Public\libuv-study\code\libuv_http\x64\Release\vc80.pdb”中寻找)；正在链接对象，如同没有调试信息一样
libuv.lib(winapi.obj) : warning LNK4099: 未找到 PDB“vc80.pdb”(使用“libuv.lib(winapi.obj)”或在“C:\Users\Public\libuv-study\code\libuv_http\x64\Release\vc80.pdb”中寻找)；正在链接对象，如同没有调试信息一样
libuv.lib(process.obj) : warning LNK4099: 未找到 PDB“vc80.pdb”(使用“libuv.lib(process.obj)”或在“C:\Users\Public\libuv-study\code\libuv_http\x64\Release\vc80.pdb”中寻找)；正在链接对象，如同没有调试信息一样
libuv.lib(inet.obj) : warning LNK4099: 未找到 PDB“vc80.pdb”(使用“libuv.lib(inet.obj)”或在“C:\Users\Public\libuv-study\code\libuv_http\x64\Release\vc80.pdb”中寻找)；正在链接对象，如同没有调试信息一样
libuv.lib(process-stdio.obj) : warning LNK4099: 未找到 PDB“vc80.pdb”(使用“libuv.lib(process-stdio.obj)”或在“C:\Users\Public\libuv-study\code\libuv_http\x64\Release\vc80.pdb”中寻找)；正在链接对象，如同没有调试信息一样
  libuv_http.vcxproj -> C:\Users\Public\libuv-study\code\libuv_http\x64\Release\libuv_http.exe
