  fs-poll.c
  idna.c
  inet.c
  threadpool.c
  timer.c
  uv-common.c
  uv-data-getter-setters.c
c:\users\admin\desktop\libuv-v1.24.0.tar\libuv-v1.24.0\src\idna.c : warning C4819: 该文件包含不能在当前代码页(936)中表示的字符。请将该文件保存为 Unicode 格式以防止数据丢失
  version.c
  async.c
  core.c
  detect-wakeup.c
  dl.c
c:\users\admin\desktop\libuv-v1.24.0.tar\libuv-v1.24.0\src\timer.c(155): warning C4244: “return”: 从“uint64_t”转换到“int”，可能丢失数据
c:\users\admin\desktop\libuv-v1.24.0.tar\libuv-v1.24.0\src\inet.c(171): warning C4244: “=”: 从“__int64”转换到“int”，可能丢失数据
c:\users\admin\desktop\libuv-v1.24.0.tar\libuv-v1.24.0\src\inet.c(198): warning C4244: “初始化”: 从“__int64”转换到“unsigned int”，可能丢失数据
c:\users\admin\desktop\libuv-v1.24.0.tar\libuv-v1.24.0\src\inet.c(294): warning C4244: “初始化”: 从“__int64”转换到“const int”，可能丢失数据
c:\users\admin\desktop\libuv-v1.24.0.tar\libuv-v1.24.0\src\fs-poll.c(188): warning C4244: “函数”: 从“ssize_t”转换到“int”，可能丢失数据
c:\users\admin\desktop\libuv-v1.24.0.tar\libuv-v1.24.0\src\fs-poll.c(191): warning C4244: “=”: 从“ssize_t”转换到“int”，可能丢失数据
c:\users\admin\desktop\libuv-v1.24.0.tar\libuv-v1.24.0\src\idna.c(290): warning C4244: “return”: 从“__int64”转换到“long”，可能丢失数据
c:\users\admin\desktop\libuv-v1.24.0.tar\libuv-v1.24.0\src\uv-common.c(549): warning C4244: “return”: 从“ssize_t”转换到“int”，可能丢失数据
  error.c
  fs-event.c
  fs.c
  getaddrinfo.c
  getnameinfo.c
  handle.c
  loop-watcher.c
  pipe.c
  poll.c
  process-stdio.c
  process.c
  signal.c
c:\users\admin\desktop\libuv-v1.24.0.tar\libuv-v1.24.0\src\win\fs.c(207): warning C4244: “函数”: 从“ssize_t”转换到“int”，可能丢失数据
c:\users\admin\desktop\libuv-v1.24.0.tar\libuv-v1.24.0\src\win\fs.c(221): warning C4244: “函数”: 从“ssize_t”转换到“int”，可能丢失数据
c:\users\admin\desktop\libuv-v1.24.0.tar\libuv-v1.24.0\src\win\fs-event.c(461): warning C4267: “=”: 从“size_t”转换到“int”，可能丢失数据
c:\users\admin\desktop\libuv-v1.24.0.tar\libuv-v1.24.0\src\win\fs.c(985): warning C4267: “函数”: 从“size_t”转换到“int”，可能丢失数据
c:\users\admin\desktop\libuv-v1.24.0.tar\libuv-v1.24.0\src\win\fs.c(1017): warning C4267: “函数”: 从“size_t”转换到“int”，可能丢失数据
c:\users\admin\desktop\libuv-v1.24.0.tar\libuv-v1.24.0\src\win\fs.c(1019): warning C4267: “函数”: 从“size_t”转换到“int”，可能丢失数据
c:\users\admin\desktop\libuv-v1.24.0.tar\libuv-v1.24.0\src\win\fs.c(1504): warning C4267: “函数”: 从“size_t”转换到“unsigned int”，可能丢失数据
c:\users\admin\desktop\libuv-v1.24.0.tar\libuv-v1.24.0\src\win\fs.c(1734): warning C4267: “=”: 从“size_t”转换到“int”，可能丢失数据
c:\users\admin\desktop\libuv-v1.24.0.tar\libuv-v1.24.0\src\win\fs.c(1791): warning C4267: “=”: 从“size_t”转换到“USHORT”，可能丢失数据
c:\users\admin\desktop\libuv-v1.24.0.tar\libuv-v1.24.0\src\win\fs.c(1792): warning C4267: “=”: 从“size_t”转换到“USHORT”，可能丢失数据
c:\users\admin\desktop\libuv-v1.24.0.tar\libuv-v1.24.0\src\win\fs.c(1820): warning C4267: “=”: 从“size_t”转换到“USHORT”，可能丢失数据
c:\users\admin\desktop\libuv-v1.24.0.tar\libuv-v1.24.0\src\win\fs.c(1821): warning C4267: “=”: 从“size_t”转换到“USHORT”，可能丢失数据
c:\users\admin\desktop\libuv-v1.24.0.tar\libuv-v1.24.0\src\win\fs.c(2151): warning C4244: “return”: 从“ssize_t”转换到“int”，可能丢失数据
c:\users\admin\desktop\libuv-v1.24.0.tar\libuv-v1.24.0\src\win\fs.c(2158): warning C4244: “return”: 从“ssize_t”转换到“int”，可能丢失数据
c:\users\admin\desktop\libuv-v1.24.0.tar\libuv-v1.24.0\src\win\fs.c(2187): warning C4244: “return”: 从“ssize_t”转换到“int”，可能丢失数据
c:\users\admin\desktop\libuv-v1.24.0.tar\libuv-v1.24.0\src\win\fs.c(2216): warning C4244: “return”: 从“ssize_t”转换到“int”，可能丢失数据
c:\users\admin\desktop\libuv-v1.24.0.tar\libuv-v1.24.0\src\win\fs.c(2230): warning C4244: “return”: 从“ssize_t”转换到“int”，可能丢失数据
c:\users\admin\desktop\libuv-v1.24.0.tar\libuv-v1.24.0\src\win\fs.c(2245): warning C4244: “return”: 从“ssize_t”转换到“int”，可能丢失数据
c:\users\admin\desktop\libuv-v1.24.0.tar\libuv-v1.24.0\src\win\fs.c(2258): warning C4244: “return”: 从“ssize_t”转换到“int”，可能丢失数据
c:\users\admin\desktop\libuv-v1.24.0.tar\libuv-v1.24.0\src\win\fs.c(2271): warning C4244: “return”: 从“ssize_t”转换到“int”，可能丢失数据
c:\users\admin\desktop\libuv-v1.24.0.tar\libuv-v1.24.0\src\win\fs.c(2286): warning C4244: “return”: 从“ssize_t”转换到“int”，可能丢失数据
c:\users\admin\desktop\libuv-v1.24.0.tar\libuv-v1.24.0\src\win\fs.c(2300): warning C4244: “return”: 从“ssize_t”转换到“int”，可能丢失数据
c:\users\admin\desktop\libuv-v1.24.0.tar\libuv-v1.24.0\src\win\fs.c(2315): warning C4244: “return”: 从“ssize_t”转换到“int”，可能丢失数据
c:\users\admin\desktop\libuv-v1.24.0.tar\libuv-v1.24.0\src\win\fs.c(2329): warning C4244: “return”: 从“ssize_t”转换到“int”，可能丢失数据
c:\users\admin\desktop\libuv-v1.24.0.tar\libuv-v1.24.0\src\win\fs.c(2348): warning C4244: “return”: 从“ssize_t”转换到“int”，可能丢失数据
c:\users\admin\desktop\libuv-v1.24.0.tar\libuv-v1.24.0\src\win\fs.c(2362): warning C4244: “return”: 从“ssize_t”转换到“int”，可能丢失数据
c:\users\admin\desktop\libuv-v1.24.0.tar\libuv-v1.24.0\src\win\fs.c(2369): warning C4244: “return”: 从“ssize_t”转换到“int”，可能丢失数据
c:\users\admin\desktop\libuv-v1.24.0.tar\libuv-v1.24.0\src\win\fs.c(2382): warning C4244: “return”: 从“ssize_t”转换到“int”，可能丢失数据
c:\users\admin\desktop\libuv-v1.24.0.tar\libuv-v1.24.0\src\win\fs.c(2395): warning C4244: “return”: 从“ssize_t”转换到“int”，可能丢失数据
c:\users\admin\desktop\libuv-v1.24.0.tar\libuv-v1.24.0\src\win\fs.c(2408): warning C4244: “return”: 从“ssize_t”转换到“int”，可能丢失数据
c:\users\admin\desktop\libuv-v1.24.0.tar\libuv-v1.24.0\src\win\fs.c(2415): warning C4244: “return”: 从“ssize_t”转换到“int”，可能丢失数据
c:\users\admin\desktop\libuv-v1.24.0.tar\libuv-v1.24.0\src\win\fs.c(2429): warning C4244: “return”: 从“ssize_t”转换到“int”，可能丢失数据
c:\users\admin\desktop\libuv-v1.24.0.tar\libuv-v1.24.0\src\win\fs.c(2436): warning C4244: “return”: 从“ssize_t”转换到“int”，可能丢失数据
c:\users\admin\desktop\libuv-v1.24.0.tar\libuv-v1.24.0\src\win\fs.c(2443): warning C4244: “return”: 从“ssize_t”转换到“int”，可能丢失数据
c:\users\admin\desktop\libuv-v1.24.0.tar\libuv-v1.24.0\src\win\fs.c(2452): warning C4244: “return”: 从“ssize_t”转换到“int”，可能丢失数据
c:\users\admin\desktop\libuv-v1.24.0.tar\libuv-v1.24.0\src\win\fs.c(2478): warning C4244: “return”: 从“ssize_t”转换到“int”，可能丢失数据
c:\users\admin\desktop\libuv-v1.24.0.tar\libuv-v1.24.0\src\win\fs.c(2488): warning C4267: “=”: 从“size_t”转换到“ULONG”，可能丢失数据
c:\users\admin\desktop\libuv-v1.24.0.tar\libuv-v1.24.0\src\win\fs.c(2489): warning C4244: “return”: 从“ssize_t”转换到“int”，可能丢失数据
c:\users\admin\desktop\libuv-v1.24.0.tar\libuv-v1.24.0\src\win\fs.c(2506): warning C4244: “return”: 从“ssize_t”转换到“int”，可能丢失数据
c:\users\admin\desktop\libuv-v1.24.0.tar\libuv-v1.24.0\src\win\fs.c(2521): warning C4244: “return”: 从“ssize_t”转换到“int”，可能丢失数据
c:\users\admin\desktop\libuv-v1.24.0.tar\libuv-v1.24.0\src\win\fs.c(2530): warning C4244: “return”: 从“ssize_t”转换到“int”，可能丢失数据
c:\users\admin\desktop\libuv-v1.24.0.tar\libuv-v1.24.0\src\win\fs.c(2546): warning C4244: “return”: 从“ssize_t”转换到“int”，可能丢失数据
c:\users\admin\desktop\libuv-v1.24.0.tar\libuv-v1.24.0\src\win\fs.c(2556): warning C4244: “return”: 从“ssize_t”转换到“int”，可能丢失数据
  stream.c
  tcp.c
  thread.c
  tty.c
c:\users\admin\desktop\libuv-v1.24.0.tar\libuv-v1.24.0\src\win\pipe.c(1084): warning C4244: “函数”: 从“ULONG_PTR”转换到“DWORD”，可能丢失数据
c:\users\admin\desktop\libuv-v1.24.0.tar\libuv-v1.24.0\src\win\pipe.c(1103): warning C4244: “函数”: 从“ULONG_PTR”转换到“DWORD”，可能丢失数据
  udp.c
c:\users\admin\desktop\libuv-v1.24.0.tar\libuv-v1.24.0\src\win\pipe.c(2249): warning C4267: “函数”: 从“size_t”转换到“int”，可能丢失数据
  util.c
  winapi.c
c:\users\admin\desktop\libuv-v1.24.0.tar\libuv-v1.24.0\src\win\process.c(634): warning C4244: “=”: 从“__int64”转换到“int”，可能丢失数据
c:\users\admin\desktop\libuv-v1.24.0.tar\libuv-v1.24.0\src\win\process.c(754): warning C4267: “函数”: 从“size_t”转换到“int”，可能丢失数据
c:\users\admin\desktop\libuv-v1.24.0.tar\libuv-v1.24.0\src\win\getaddrinfo.c(132): warning C4267: “+=”: 从“size_t”转换到“int”，可能丢失数据
c:\users\admin\desktop\libuv-v1.24.0.tar\libuv-v1.24.0\src\win\process.c(790): warning C4267: “函数”: 从“size_t”转换到“int”，可能丢失数据
  winsock.c
c:\users\admin\desktop\libuv-v1.24.0.tar\libuv-v1.24.0\src\win\process.c(809): warning C4267: “=”: 从“size_t”转换到“int”，可能丢失数据
c:\users\admin\desktop\libuv-v1.24.0.tar\libuv-v1.24.0\src\win\getaddrinfo.c(434): warning C4267: “函数”: 从“size_t”转换到“int”，可能丢失数据
c:\users\admin\desktop\libuv-v1.24.0.tar\libuv-v1.24.0\src\win\tcp.c(366): warning C4244: “函数”: 从“ULONG_PTR”转换到“DWORD”，可能丢失数据
c:\users\admin\desktop\libuv-v1.24.0.tar\libuv-v1.24.0\src\win\tcp.c(385): warning C4244: “函数”: 从“ULONG_PTR”转换到“DWORD”，可能丢失数据
c:\users\admin\desktop\libuv-v1.24.0.tar\libuv-v1.24.0\src\win\tty.c(949): warning C4244: “初始化”: 从“ULONG_PTR”转换到“DWORD”，可能丢失数据
c:\users\admin\desktop\libuv-v1.24.0.tar\libuv-v1.24.0\src\win\tty.c(2150): warning C4267: “return”: 从“size_t”转换到“int”，可能丢失数据
c:\users\admin\desktop\libuv-v1.24.0.tar\libuv-v1.24.0\src\win\util.c(1217): warning C4267: “函数”: 从“size_t”转换到“int”，可能丢失数据
c:\users\admin\desktop\libuv-v1.24.0.tar\libuv-v1.24.0\src\win\util.c(1447): warning C4267: “函数”: 从“size_t”转换到“int”，可能丢失数据
C:\Program Files (x86)\Microsoft Visual Studio\2017\Community\Common7\IDE\VC\VCTargets\Microsoft.CppBuild.targets(1397,5): warning MSB8012: TargetPath(C:\Users\Admin\Desktop\libuv-v1.24.0.tar\libuv-v1.24.0\x64\Release\libuv.lib) 与 Library 的 OutputFile 属性值(C:\Users\Admin\Desktop\libuv-v1.24.0.tar\libuv-v1.24.0\x64\Release\lib\libuv.lib)不匹配。这可能导致项目生成不正确。若要更正此问题，请确保 $(OutDir)、$(TargetName) 和 $(TargetExt) 属性值与 %(Lib.OutputFile) 中指定的值匹配。
  libuv.vcxproj -> C:\Users\Admin\Desktop\libuv-v1.24.0.tar\libuv-v1.24.0\x64\Release\libuv.lib
