  fs-poll.c
  idna.c
  inet.c
  threadpool.c
  timer.c
  uv-common.c
  uv-data-getter-setters.c
  version.c
  async.c
  core.c
  detect-wakeup.c
  dl.c
c:\users\admin\desktop\libuv-v1.24.0.tar\libuv-v1.24.0\src\idna.c : warning C4819: 该文件包含不能在当前代码页(936)中表示的字符。请将该文件保存为 Unicode 格式以防止数据丢失
c:\users\admin\desktop\libuv-v1.24.0.tar\libuv-v1.24.0\src\inet.c(18): fatal error C1083: 无法打开包括文件: “stdio.h”: No such file or directory
c:\users\admin\desktop\libuv-v1.24.0.tar\libuv-v1.24.0\include\uv\errno.h(25): fatal error C1083: 无法打开包括文件: “errno.h”: No such file or directory (编译源文件 src\idna.c)
c:\users\admin\desktop\libuv-v1.24.0.tar\libuv-v1.24.0\include\uv\errno.h(25): fatal error C1083: 无法打开包括文件: “errno.h”: No such file or directory (编译源文件 src\fs-poll.c)
c:\users\admin\desktop\libuv-v1.24.0.tar\libuv-v1.24.0\src\uv-common.h(30): fatal error C1083: 无法打开包括文件: “assert.h”: No such file or directory (编译源文件 src\threadpool.c)
  error.c
  fs-event.c
c:\users\admin\desktop\libuv-v1.24.0.tar\libuv-v1.24.0\include\uv\errno.h(25): fatal error C1083: 无法打开包括文件: “errno.h”: No such file or directory (编译源文件 src\timer.c)
  fs.c
c:\users\admin\desktop\libuv-v1.24.0.tar\libuv-v1.24.0\include\uv\errno.h(25): fatal error C1083: 无法打开包括文件: “errno.h”: No such file or directory (编译源文件 src\uv-data-getter-setters.c)
  getaddrinfo.c
  getnameinfo.c
c:\users\admin\desktop\libuv-v1.24.0.tar\libuv-v1.24.0\include\uv\errno.h(25): fatal error C1083: 无法打开包括文件: “errno.h”: No such file or directory (编译源文件 src\version.c)
c:\users\admin\desktop\libuv-v1.24.0.tar\libuv-v1.24.0\include\uv\errno.h(25): fatal error C1083: 无法打开包括文件: “errno.h”: No such file or directory (编译源文件 src\uv-common.c)
  handle.c
c:\users\admin\desktop\libuv-v1.24.0.tar\libuv-v1.24.0\src\win\async.c(22): fatal error C1083: 无法打开包括文件: “assert.h”: No such file or directory
  loop-watcher.c
  pipe.c
  poll.c
c:\users\admin\desktop\libuv-v1.24.0.tar\libuv-v1.24.0\include\uv\errno.h(25): fatal error C1083: 无法打开包括文件: “errno.h”: No such file or directory (编译源文件 src\win\detect-wakeup.c)
c:\users\admin\desktop\libuv-v1.24.0.tar\libuv-v1.24.0\src\win\core.c(22): fatal error C1083: 无法打开包括文件: “assert.h”: No such file or directory
c:\users\admin\desktop\libuv-v1.24.0.tar\libuv-v1.24.0\include\uv\errno.h(25): fatal error C1083: 无法打开包括文件: “errno.h”: No such file or directory (编译源文件 src\win\dl.c)
  process-stdio.c
  process.c
  signal.c
c:\users\admin\desktop\libuv-v1.24.0.tar\libuv-v1.24.0\src\win\error.c(22): fatal error C1083: 无法打开包括文件: “assert.h”: No such file or directory
c:\users\admin\desktop\libuv-v1.24.0.tar\libuv-v1.24.0\src\win\fs-event.c(22): fatal error C1083: 无法打开包括文件: “assert.h”: No such file or directory
  stream.c
c:\users\admin\desktop\libuv-v1.24.0.tar\libuv-v1.24.0\src\win\fs.c(22): fatal error C1083: 无法打开包括文件: “assert.h”: No such file or directory
  tcp.c
c:\users\admin\desktop\libuv-v1.24.0.tar\libuv-v1.24.0\src\win\getaddrinfo.c(22): fatal error C1083: 无法打开包括文件: “assert.h”: No such file or directory
c:\users\admin\desktop\libuv-v1.24.0.tar\libuv-v1.24.0\src\win\handle.c(22): fatal error C1083: 无法打开包括文件: “assert.h”: No such file or directory
  thread.c
  tty.c
c:\users\admin\desktop\libuv-v1.24.0.tar\libuv-v1.24.0\src\win\pipe.c(22): fatal error C1083: 无法打开包括文件: “assert.h”: No such file or directory
  udp.c
  util.c
c:\users\admin\desktop\libuv-v1.24.0.tar\libuv-v1.24.0\src\win\poll.c(22): fatal error C1083: 无法打开包括文件: “assert.h”: No such file or directory
c:\users\admin\desktop\libuv-v1.24.0.tar\libuv-v1.24.0\src\win\loop-watcher.c(22): fatal error C1083: 无法打开包括文件: “assert.h”: No such file or directory
  winapi.c
c:\users\admin\desktop\libuv-v1.24.0.tar\libuv-v1.24.0\src\win\process-stdio.c(22): fatal error C1083: 无法打开包括文件: “assert.h”: No such file or directory
c:\users\admin\desktop\libuv-v1.24.0.tar\libuv-v1.24.0\src\win\getnameinfo.c(22): fatal error C1083: 无法打开包括文件: “assert.h”: No such file or directory
  winsock.c
c:\users\admin\desktop\libuv-v1.24.0.tar\libuv-v1.24.0\src\win\signal.c(21): fatal error C1083: 无法打开包括文件: “assert.h”: No such file or directory
c:\users\admin\desktop\libuv-v1.24.0.tar\libuv-v1.24.0\src\win\process.c(22): fatal error C1083: 无法打开包括文件: “assert.h”: No such file or directory
c:\users\admin\desktop\libuv-v1.24.0.tar\libuv-v1.24.0\src\win\stream.c(22): fatal error C1083: 无法打开包括文件: “assert.h”: No such file or directory
c:\users\admin\desktop\libuv-v1.24.0.tar\libuv-v1.24.0\src\win\tcp.c(22): fatal error C1083: 无法打开包括文件: “assert.h”: No such file or directory
c:\users\admin\desktop\libuv-v1.24.0.tar\libuv-v1.24.0\src\win\thread.c(22): fatal error C1083: 无法打开包括文件: “assert.h”: No such file or directory
c:\users\admin\desktop\libuv-v1.24.0.tar\libuv-v1.24.0\src\win\tty.c(22): fatal error C1083: 无法打开包括文件: “assert.h”: No such file or directory
c:\users\admin\desktop\libuv-v1.24.0.tar\libuv-v1.24.0\src\win\udp.c(22): fatal error C1083: 无法打开包括文件: “assert.h”: No such file or directory
c:\users\admin\desktop\libuv-v1.24.0.tar\libuv-v1.24.0\src\win\util.c(22): fatal error C1083: 无法打开包括文件: “assert.h”: No such file or directory
c:\users\admin\desktop\libuv-v1.24.0.tar\libuv-v1.24.0\src\win\winapi.c(22): fatal error C1083: 无法打开包括文件: “assert.h”: No such file or directory
c:\users\admin\desktop\libuv-v1.24.0.tar\libuv-v1.24.0\src\win\winsock.c(22): fatal error C1083: 无法打开包括文件: “assert.h”: No such file or directory
